2015-03-26T17:37:52+01:00 DEBUG (7): Ldap: 1: host=localhost,port=389,accountDomainName=bluekiwi-software.com,accountDomainNameShort=devbk,accountCanonicalForm=3,username=cn=admin,dc=bluekiwi-software,dc=com,password=*****,baseDn=ou=people,dc=bluekiwi-software,dc=com,bindRequiresDn=1
2015-03-26T17:37:52+01:00 DEBUG (7): Ldap: 2: qqq authentication failed: 0x20: No object found for: (&(objectClass=posixAccount)(uid=qqq))
2015-03-26T17:39:44+01:00 DEBUG (7): Ldap: 1: host=localhost,port=389,accountDomainName=bluekiwi-software.com,accountDomainNameShort=devbk,accountCanonicalForm=3,username=cn=admin,dc=bluekiwi-software,dc=com,password=*****,baseDn=ou=people,dc=bluekiwi-software,dc=com,bindRequiresDn=1
2015-03-26T17:39:44+01:00 DEBUG (7): Ldap: 2: qqq authentication failed: 0x20: No object found for: (&(objectClass=posixAccount)(uid=qqq))
2015-03-26T17:39:46+01:00 DEBUG (7): Ldap: 1: host=localhost,port=389,accountDomainName=bluekiwi-software.com,accountDomainNameShort=devbk,accountCanonicalForm=3,username=cn=admin,dc=bluekiwi-software,dc=com,password=*****,baseDn=ou=people,dc=bluekiwi-software,dc=com,bindRequiresDn=1
2015-03-26T17:39:46+01:00 DEBUG (7): Ldap: 2: qqq authentication failed: 0x20: No object found for: (&(objectClass=posixAccount)(uid=qqq))
2015-03-26T17:39:52+01:00 DEBUG (7): Ldap: 1: host=localhost,port=389,accountDomainName=bluekiwi-software.com,accountDomainNameShort=devbk,accountCanonicalForm=3,username=cn=admin,dc=bluekiwi-software,dc=com,password=*****,baseDn=ou=people,dc=bluekiwi-software,dc=com,bindRequiresDn=1
2015-03-26T17:39:52+01:00 DEBUG (7): Ldap: 2: lte authentication failed: 0x20: No object found for: (&(objectClass=posixAccount)(uid=lte))
2015-03-26T17:40:33+01:00 DEBUG (7): Ldap: 1: host=localhost,port=389,accountDomainName=bluekiwi-software.com,accountDomainNameShort=devbk,accountCanonicalForm=3,username=cn=admin,dc=bluekiwi-software,dc=com,password=*****,baseDn=ou=people,dc=bluekiwi-software,dc=com,bindRequiresDn=1
2015-03-26T17:40:33+01:00 DEBUG (7): Ldap: 2: lte authentication failed: 0x20: No object found for: (&(objectClass=posixAccount)(uid=lte))
2015-03-26T17:40:35+01:00 DEBUG (7): Ldap: 1: host=localhost,port=389,accountDomainName=bluekiwi-software.com,accountDomainNameShort=devbk,accountCanonicalForm=3,username=cn=admin,dc=bluekiwi-software,dc=com,password=*****,baseDn=ou=people,dc=bluekiwi-software,dc=com,bindRequiresDn=1
2015-03-26T17:40:35+01:00 DEBUG (7): Ldap: 2: lte authentication failed: 0x20: No object found for: (&(objectClass=posixAccount)(uid=lte))
2015-03-26T17:40:38+01:00 DEBUG (7): Ldap: 1: host=localhost,port=389,accountDomainName=bluekiwi-software.com,accountDomainNameShort=devbk,accountCanonicalForm=3,username=cn=admin,dc=bluekiwi-software,dc=com,password=*****,baseDn=ou=people,dc=bluekiwi-software,dc=com,bindRequiresDn=1
2015-03-26T17:40:38+01:00 DEBUG (7): Ldap: 2: lte authentication failed: 0x20: No object found for: (&(objectClass=posixAccount)(uid=lte))
2015-03-26T17:40:47+01:00 DEBUG (7): Ldap: 1: host=localhost,port=389,accountDomainName=bluekiwi-software.com,accountDomainNameShort=devbk,accountCanonicalForm=3,username=cn=admin,dc=bluekiwi-software,dc=com,password=*****,baseDn=ou=people,dc=bluekiwi-software,dc=com,bindRequiresDn=1
2015-03-26T17:40:47+01:00 DEBUG (7): Ldap: 2: lte authentication failed: 0x20: No object found for: (&(objectClass=posixAccount)(uid=lte))
2015-03-26T17:40:49+01:00 DEBUG (7): Ldap: 1: host=localhost,port=389,accountDomainName=bluekiwi-software.com,accountDomainNameShort=devbk,accountCanonicalForm=3,username=cn=admin,dc=bluekiwi-software,dc=com,password=*****,baseDn=ou=people,dc=bluekiwi-software,dc=com,bindRequiresDn=1
2015-03-26T17:40:49+01:00 DEBUG (7): Ldap: 2: lte authentication failed: 0x20: No object found for: (&(objectClass=posixAccount)(uid=lte))
2015-03-26T17:43:57+01:00 DEBUG (7): Ldap: 1: host=localhost,port=389,accountDomainName=bluekiwi-software.com,accountDomainNameShort=devbk,accountCanonicalForm=3,username=cn=admin,dc=bluekiwi-software,dc=com,password=*****,baseDn=ou=people,dc=bluekiwi-software,dc=com,bindRequiresDn=1
2015-03-26T17:43:57+01:00 DEBUG (7): Ldap: 2: lmm authentication failed: 0x20: No object found for: (&(objectClass=posixAccount)(uid=lmm))
2015-03-26T17:54:31+01:00 DEBUG (7): Ldap: 1: host=localhost,port=389,accountDomainName=bluekiwi-software.com,accountDomainNameShort=devbk,accountCanonicalForm=4,username=cn=admin,dc=bluekiwi-software,dc=com,password=*****,baseDn=ou=people,dc=bluekiwi-software,dc=com,bindRequiresDn=1
2015-03-26T17:54:31+01:00 DEBUG (7): Ldap: 2: lmm authentication failed: 0x20: No object found for: (&(objectClass=posixAccount)(uid=lmm))
2015-03-26T17:58:07+01:00 DEBUG (7): Ldap: 1: host=localhost,port=389,accountDomainName=bluekiwi-software.com,accountDomainNameShort=devbk,accountCanonicalForm=4,username=cn=admin,dc=bluekiwi-software,dc=com,password=*****,baseDn=ou=people,dc=bluekiwi-software,dc=com,bindRequiresDn=1
2015-03-26T17:58:07+01:00 DEBUG (7): Ldap: 2: lte authentication failed: 0x20: No object found for: (&(objectClass=posixAccount)(uid=lte))
2015-03-26T17:58:46+01:00 DEBUG (7): Ldap: 1: host=localhost,port=389,accountDomainName=bluekiwi-software.com,accountDomainNameShort=devbk,accountCanonicalForm=4,username=cn=admin,dc=bluekiwi-software,dc=com,password=*****,baseDn=ou=people,dc=bluekiwi-software,dc=com,bindRequiresDn=1
2015-03-26T17:58:46+01:00 DEBUG (7): Ldap: 2: lte authentication failed: 0x20: No object found for: (&(objectClass=posixAccount)(uid=lte))
2015-03-26T17:59:20+01:00 DEBUG (7): Ldap: 1: host=localhost,port=389,accountDomainName=bluekiwi-software.com,accountDomainNameShort=devbk,accountCanonicalForm=4,username=cn=admin,dc=bluekiwi-software,dc=com,password=*****,baseDn=ou=people,dc=bluekiwi-software,dc=com,bindRequiresDn=
2015-03-26T17:59:20+01:00 DEBUG (7): Ldap: 2: C:\wamp\www\bkInternalDashboard\library\Zend\Ldap.php(903): 0x22 (Invalid DN syntax; invalid DN): lte@bluekiwi-software.com
2015-03-26T17:59:20+01:00 DEBUG (7): Ldap: 3: #0 C:\wamp\www\bkInternalDashboard\library\Zend\Auth\Adapter\Ldap.php(315): Zend_Ldap->bind('lte@bluekiwi-so...', '*****')
  #1 C:\wamp\www\bkInternalDashboard\library\Zend\Auth.php(117): Zend_Auth_Adapter_Ldap->authenticate()
  #2 C:\wamp\www\bkInternalDashboard\application\controllers\IndexController.php(31): Zend_Auth->authenticate(Object(Zend_Auth_Adapter_Ldap))
  #3 C:\wamp\www\bkInternalDashboard\library\Zend\Controller\Action.php(516): IndexController->indexAction()
  #4 C:\wamp\www\bkInternalDashboard\library\Zend\Controller\Dispatcher\Standard.php(308): Zend_Controller_Action->dispatch('indexAction')
  #5 C:\wamp\www\bkInternalDashboard\library\Zend\Controller\Front.php(954): Zend_Controller_Dispatcher_Standard->dispatch(Object(Zend_Controller_Request_Http), Object(Zend_Controller_Response_Http))
  #6 C:\wamp\www\bkInternalDashboard\library\Zend\Application\Bootstrap\Bootstrap.php(105): Zend_Controller_Front->dispatch()
  #7 C:\wamp\www\bkInternalDashboard\library\Zend\Application.php(382): Zend_Application_Bootstrap_Bootstrap->run()
  #8 C:\wamp\www\bkInternalDashboard\public\index.php(26): Zend_Application->run()
  #9 {main}
2015-03-26T17:59:20+01:00 DEBUG (7): Ldap: 4: lte authentication failed: 0x22 (Invalid DN syntax; invalid DN): lte@bluekiwi-software.com
2015-03-26T18:01:26+01:00 DEBUG (7): Ldap: 1: host=localhost,port=389,accountDomainName=bluekiwi-software.com,accountDomainNameShort=devbk,accountCanonicalForm=4,username=cn=admin,dc=bluekiwi-software,dc=com,password=*****,baseDn=ou=people,dc=bluekiwi-software,dc=com,bindRequiresDn=
2015-03-26T18:01:26+01:00 DEBUG (7): Ldap: 2: C:\wamp\www\bkInternalDashboard\library\Zend\Ldap.php(903): 0x22 (Invalid DN syntax; invalid DN): lte@bluekiwi-software.com
2015-03-26T18:01:26+01:00 DEBUG (7): Ldap: 3: #0 C:\wamp\www\bkInternalDashboard\library\Zend\Auth\Adapter\Ldap.php(315): Zend_Ldap->bind('lte@bluekiwi-so...', '*****')
  #1 C:\wamp\www\bkInternalDashboard\library\Zend\Auth.php(117): Zend_Auth_Adapter_Ldap->authenticate()
  #2 C:\wamp\www\bkInternalDashboard\application\controllers\IndexController.php(31): Zend_Auth->authenticate(Object(Zend_Auth_Adapter_Ldap))
  #3 C:\wamp\www\bkInternalDashboard\library\Zend\Controller\Action.php(516): IndexController->indexAction()
  #4 C:\wamp\www\bkInternalDashboard\library\Zend\Controller\Dispatcher\Standard.php(308): Zend_Controller_Action->dispatch('indexAction')
  #5 C:\wamp\www\bkInternalDashboard\library\Zend\Controller\Front.php(954): Zend_Controller_Dispatcher_Standard->dispatch(Object(Zend_Controller_Request_Http), Object(Zend_Controller_Response_Http))
  #6 C:\wamp\www\bkInternalDashboard\library\Zend\Application\Bootstrap\Bootstrap.php(105): Zend_Controller_Front->dispatch()
  #7 C:\wamp\www\bkInternalDashboard\library\Zend\Application.php(382): Zend_Application_Bootstrap_Bootstrap->run()
  #8 C:\wamp\www\bkInternalDashboard\public\index.php(26): Zend_Application->run()
  #9 {main}
2015-03-26T18:01:26+01:00 DEBUG (7): Ldap: 4: lte@bluekiwi-software.com authentication failed: 0x22 (Invalid DN syntax; invalid DN): lte@bluekiwi-software.com
2015-03-26T18:01:39+01:00 DEBUG (7): Ldap: 1: host=localhost,port=389,accountDomainName=bluekiwi-software.com,accountDomainNameShort=devbk,accountCanonicalForm=4,username=cn=admin,dc=bluekiwi-software,dc=com,password=*****,baseDn=ou=people,dc=bluekiwi-software,dc=com,bindRequiresDn=
2015-03-26T18:01:39+01:00 DEBUG (7): Ldap: 2: C:\wamp\www\bkInternalDashboard\library\Zend\Ldap.php(903): 0x22 (Invalid DN syntax; invalid DN): llll@bluekiwi-software.com
2015-03-26T18:01:39+01:00 DEBUG (7): Ldap: 3: #0 C:\wamp\www\bkInternalDashboard\library\Zend\Auth\Adapter\Ldap.php(315): Zend_Ldap->bind('llll@bluekiwi-s...', '*****')
  #1 C:\wamp\www\bkInternalDashboard\library\Zend\Auth.php(117): Zend_Auth_Adapter_Ldap->authenticate()
  #2 C:\wamp\www\bkInternalDashboard\application\controllers\IndexController.php(31): Zend_Auth->authenticate(Object(Zend_Auth_Adapter_Ldap))
  #3 C:\wamp\www\bkInternalDashboard\library\Zend\Controller\Action.php(516): IndexController->indexAction()
  #4 C:\wamp\www\bkInternalDashboard\library\Zend\Controller\Dispatcher\Standard.php(308): Zend_Controller_Action->dispatch('indexAction')
  #5 C:\wamp\www\bkInternalDashboard\library\Zend\Controller\Front.php(954): Zend_Controller_Dispatcher_Standard->dispatch(Object(Zend_Controller_Request_Http), Object(Zend_Controller_Response_Http))
  #6 C:\wamp\www\bkInternalDashboard\library\Zend\Application\Bootstrap\Bootstrap.php(105): Zend_Controller_Front->dispatch()
  #7 C:\wamp\www\bkInternalDashboard\library\Zend\Application.php(382): Zend_Application_Bootstrap_Bootstrap->run()
  #8 C:\wamp\www\bkInternalDashboard\public\index.php(26): Zend_Application->run()
  #9 {main}
2015-03-26T18:01:39+01:00 DEBUG (7): Ldap: 4: llll authentication failed: 0x22 (Invalid DN syntax; invalid DN): llll@bluekiwi-software.com
2015-03-26T18:01:44+01:00 DEBUG (7): Ldap: 1: host=localhost,port=389,accountDomainName=bluekiwi-software.com,accountDomainNameShort=devbk,accountCanonicalForm=4,username=cn=admin,dc=bluekiwi-software,dc=com,password=*****,baseDn=ou=people,dc=bluekiwi-software,dc=com,bindRequiresDn=
2015-03-26T18:01:44+01:00 DEBUG (7): Ldap: 2: C:\wamp\www\bkInternalDashboard\library\Zend\Ldap.php(903): 0x22 (Invalid DN syntax; invalid DN): llll@bluekiwi-software.com
2015-03-26T18:01:44+01:00 DEBUG (7): Ldap: 3: #0 C:\wamp\www\bkInternalDashboard\library\Zend\Auth\Adapter\Ldap.php(315): Zend_Ldap->bind('llll@bluekiwi-s...', '*****')
  #1 C:\wamp\www\bkInternalDashboard\library\Zend\Auth.php(117): Zend_Auth_Adapter_Ldap->authenticate()
  #2 C:\wamp\www\bkInternalDashboard\application\controllers\IndexController.php(31): Zend_Auth->authenticate(Object(Zend_Auth_Adapter_Ldap))
  #3 C:\wamp\www\bkInternalDashboard\library\Zend\Controller\Action.php(516): IndexController->indexAction()
  #4 C:\wamp\www\bkInternalDashboard\library\Zend\Controller\Dispatcher\Standard.php(308): Zend_Controller_Action->dispatch('indexAction')
  #5 C:\wamp\www\bkInternalDashboard\library\Zend\Controller\Front.php(954): Zend_Controller_Dispatcher_Standard->dispatch(Object(Zend_Controller_Request_Http), Object(Zend_Controller_Response_Http))
  #6 C:\wamp\www\bkInternalDashboard\library\Zend\Application\Bootstrap\Bootstrap.php(105): Zend_Controller_Front->dispatch()
  #7 C:\wamp\www\bkInternalDashboard\library\Zend\Application.php(382): Zend_Application_Bootstrap_Bootstrap->run()
  #8 C:\wamp\www\bkInternalDashboard\public\index.php(26): Zend_Application->run()
  #9 {main}
2015-03-26T18:01:44+01:00 DEBUG (7): Ldap: 4: llll authentication failed: 0x22 (Invalid DN syntax; invalid DN): llll@bluekiwi-software.com
2015-03-26T18:01:46+01:00 DEBUG (7): Ldap: 1: host=localhost,port=389,accountDomainName=bluekiwi-software.com,accountDomainNameShort=devbk,accountCanonicalForm=4,username=cn=admin,dc=bluekiwi-software,dc=com,password=*****,baseDn=ou=people,dc=bluekiwi-software,dc=com,bindRequiresDn=
2015-03-26T18:01:46+01:00 DEBUG (7): Ldap: 2: C:\wamp\www\bkInternalDashboard\library\Zend\Ldap.php(903): 0x22 (Invalid DN syntax; invalid DN): llll@bluekiwi-software.com
2015-03-26T18:01:46+01:00 DEBUG (7): Ldap: 3: #0 C:\wamp\www\bkInternalDashboard\library\Zend\Auth\Adapter\Ldap.php(315): Zend_Ldap->bind('llll@bluekiwi-s...', '*****')
  #1 C:\wamp\www\bkInternalDashboard\library\Zend\Auth.php(117): Zend_Auth_Adapter_Ldap->authenticate()
  #2 C:\wamp\www\bkInternalDashboard\application\controllers\IndexController.php(31): Zend_Auth->authenticate(Object(Zend_Auth_Adapter_Ldap))
  #3 C:\wamp\www\bkInternalDashboard\library\Zend\Controller\Action.php(516): IndexController->indexAction()
  #4 C:\wamp\www\bkInternalDashboard\library\Zend\Controller\Dispatcher\Standard.php(308): Zend_Controller_Action->dispatch('indexAction')
  #5 C:\wamp\www\bkInternalDashboard\library\Zend\Controller\Front.php(954): Zend_Controller_Dispatcher_Standard->dispatch(Object(Zend_Controller_Request_Http), Object(Zend_Controller_Response_Http))
  #6 C:\wamp\www\bkInternalDashboard\library\Zend\Application\Bootstrap\Bootstrap.php(105): Zend_Controller_Front->dispatch()
  #7 C:\wamp\www\bkInternalDashboard\library\Zend\Application.php(382): Zend_Application_Bootstrap_Bootstrap->run()
  #8 C:\wamp\www\bkInternalDashboard\public\index.php(26): Zend_Application->run()
  #9 {main}
2015-03-26T18:01:46+01:00 DEBUG (7): Ldap: 4: llll authentication failed: 0x22 (Invalid DN syntax; invalid DN): llll@bluekiwi-software.com
2015-03-26T18:01:54+01:00 DEBUG (7): Ldap: 1: host=localhost,port=389,accountDomainName=bluekiwi-software.com,accountDomainNameShort=devbk,accountCanonicalForm=4,username=cn=admin,dc=bluekiwi-software,dc=com,password=*****,baseDn=ou=people,dc=bluekiwi-software,dc=com,bindRequiresDn=
2015-03-26T18:01:54+01:00 DEBUG (7): Ldap: 2: C:\wamp\www\bkInternalDashboard\library\Zend\Ldap.php(903): 0x22 (Invalid DN syntax; invalid DN): llll@bluekiwi-software.com
2015-03-26T18:01:54+01:00 DEBUG (7): Ldap: 3: #0 C:\wamp\www\bkInternalDashboard\library\Zend\Auth\Adapter\Ldap.php(315): Zend_Ldap->bind('llll@bluekiwi-s...', '*****')
  #1 C:\wamp\www\bkInternalDashboard\library\Zend\Auth.php(117): Zend_Auth_Adapter_Ldap->authenticate()
  #2 C:\wamp\www\bkInternalDashboard\application\controllers\IndexController.php(31): Zend_Auth->authenticate(Object(Zend_Auth_Adapter_Ldap))
  #3 C:\wamp\www\bkInternalDashboard\library\Zend\Controller\Action.php(516): IndexController->indexAction()
  #4 C:\wamp\www\bkInternalDashboard\library\Zend\Controller\Dispatcher\Standard.php(308): Zend_Controller_Action->dispatch('indexAction')
  #5 C:\wamp\www\bkInternalDashboard\library\Zend\Controller\Front.php(954): Zend_Controller_Dispatcher_Standard->dispatch(Object(Zend_Controller_Request_Http), Object(Zend_Controller_Response_Http))
  #6 C:\wamp\www\bkInternalDashboard\library\Zend\Application\Bootstrap\Bootstrap.php(105): Zend_Controller_Front->dispatch()
  #7 C:\wamp\www\bkInternalDashboard\library\Zend\Application.php(382): Zend_Application_Bootstrap_Bootstrap->run()
  #8 C:\wamp\www\bkInternalDashboard\public\index.php(26): Zend_Application->run()
  #9 {main}
2015-03-26T18:01:54+01:00 DEBUG (7): Ldap: 4: llll authentication failed: 0x22 (Invalid DN syntax; invalid DN): llll@bluekiwi-software.com
2015-03-26T18:01:57+01:00 DEBUG (7): Ldap: 1: host=localhost,port=389,accountDomainName=bluekiwi-software.com,accountDomainNameShort=devbk,accountCanonicalForm=4,username=cn=admin,dc=bluekiwi-software,dc=com,password=*****,baseDn=ou=people,dc=bluekiwi-software,dc=com,bindRequiresDn=
2015-03-26T18:01:57+01:00 DEBUG (7): Ldap: 2: C:\wamp\www\bkInternalDashboard\library\Zend\Ldap.php(903): 0x22 (Invalid DN syntax; invalid DN): llll@bluekiwi-software.com
2015-03-26T18:01:57+01:00 DEBUG (7): Ldap: 3: #0 C:\wamp\www\bkInternalDashboard\library\Zend\Auth\Adapter\Ldap.php(315): Zend_Ldap->bind('llll@bluekiwi-s...', '*****')
  #1 C:\wamp\www\bkInternalDashboard\library\Zend\Auth.php(117): Zend_Auth_Adapter_Ldap->authenticate()
  #2 C:\wamp\www\bkInternalDashboard\application\controllers\IndexController.php(31): Zend_Auth->authenticate(Object(Zend_Auth_Adapter_Ldap))
  #3 C:\wamp\www\bkInternalDashboard\library\Zend\Controller\Action.php(516): IndexController->indexAction()
  #4 C:\wamp\www\bkInternalDashboard\library\Zend\Controller\Dispatcher\Standard.php(308): Zend_Controller_Action->dispatch('indexAction')
  #5 C:\wamp\www\bkInternalDashboard\library\Zend\Controller\Front.php(954): Zend_Controller_Dispatcher_Standard->dispatch(Object(Zend_Controller_Request_Http), Object(Zend_Controller_Response_Http))
  #6 C:\wamp\www\bkInternalDashboard\library\Zend\Application\Bootstrap\Bootstrap.php(105): Zend_Controller_Front->dispatch()
  #7 C:\wamp\www\bkInternalDashboard\library\Zend\Application.php(382): Zend_Application_Bootstrap_Bootstrap->run()
  #8 C:\wamp\www\bkInternalDashboard\public\index.php(26): Zend_Application->run()
  #9 {main}
2015-03-26T18:01:57+01:00 DEBUG (7): Ldap: 4: llll authentication failed: 0x22 (Invalid DN syntax; invalid DN): llll@bluekiwi-software.com
2015-03-26T18:05:19+01:00 DEBUG (7): Ldap: 1: host=localhost,port=389,accountDomainName=bluekiwi-software.com,accountDomainNameShort=devbk,accountCanonicalForm=3,username=cn=admin,dc=bluekiwi-software,dc=com,password=*****,baseDn=ou=people,dc=bluekiwi-software,dc=com,bindRequiresDn=
2015-03-26T18:05:19+01:00 DEBUG (7): Ldap: 2: C:\wamp\www\bkInternalDashboard\library\Zend\Ldap.php(903): 0x22 (Invalid DN syntax; invalid DN): devbk\llll
2015-03-26T18:05:19+01:00 DEBUG (7): Ldap: 3: #0 C:\wamp\www\bkInternalDashboard\library\Zend\Auth\Adapter\Ldap.php(315): Zend_Ldap->bind('devbk\\llll', '*****')
  #1 C:\wamp\www\bkInternalDashboard\library\Zend\Auth.php(117): Zend_Auth_Adapter_Ldap->authenticate()
  #2 C:\wamp\www\bkInternalDashboard\application\controllers\IndexController.php(31): Zend_Auth->authenticate(Object(Zend_Auth_Adapter_Ldap))
  #3 C:\wamp\www\bkInternalDashboard\library\Zend\Controller\Action.php(516): IndexController->indexAction()
  #4 C:\wamp\www\bkInternalDashboard\library\Zend\Controller\Dispatcher\Standard.php(308): Zend_Controller_Action->dispatch('indexAction')
  #5 C:\wamp\www\bkInternalDashboard\library\Zend\Controller\Front.php(954): Zend_Controller_Dispatcher_Standard->dispatch(Object(Zend_Controller_Request_Http), Object(Zend_Controller_Response_Http))
  #6 C:\wamp\www\bkInternalDashboard\library\Zend\Application\Bootstrap\Bootstrap.php(105): Zend_Controller_Front->dispatch()
  #7 C:\wamp\www\bkInternalDashboard\library\Zend\Application.php(382): Zend_Application_Bootstrap_Bootstrap->run()
  #8 C:\wamp\www\bkInternalDashboard\public\index.php(26): Zend_Application->run()
  #9 {main}
2015-03-26T18:05:19+01:00 DEBUG (7): Ldap: 4: llll authentication failed: 0x22 (Invalid DN syntax; invalid DN): devbk\llll
2015-03-26T18:06:20+01:00 DEBUG (7): Ldap: 1: host=localhost,port=389,accountDomainName=bluekiwi-software.com,accountDomainNameShort=devbk,accountCanonicalForm=3,username=cn=admin,dc=bluekiwi-software,dc=com,password=*****,baseDn=ou=people,dc=bluekiwi-software,dc=com,bindRequiresDn=
2015-03-26T18:06:20+01:00 DEBUG (7): Ldap: 2: C:\wamp\www\bkInternalDashboard\library\Zend\Ldap.php(903): 0x22 (Invalid DN syntax; invalid DN): devbk\lte
2015-03-26T18:06:20+01:00 DEBUG (7): Ldap: 3: #0 C:\wamp\www\bkInternalDashboard\library\Zend\Auth\Adapter\Ldap.php(315): Zend_Ldap->bind('devbk\\lte', '*****')
  #1 C:\wamp\www\bkInternalDashboard\library\Zend\Auth.php(117): Zend_Auth_Adapter_Ldap->authenticate()
  #2 C:\wamp\www\bkInternalDashboard\application\controllers\IndexController.php(31): Zend_Auth->authenticate(Object(Zend_Auth_Adapter_Ldap))
  #3 C:\wamp\www\bkInternalDashboard\library\Zend\Controller\Action.php(516): IndexController->indexAction()
  #4 C:\wamp\www\bkInternalDashboard\library\Zend\Controller\Dispatcher\Standard.php(308): Zend_Controller_Action->dispatch('indexAction')
  #5 C:\wamp\www\bkInternalDashboard\library\Zend\Controller\Front.php(954): Zend_Controller_Dispatcher_Standard->dispatch(Object(Zend_Controller_Request_Http), Object(Zend_Controller_Response_Http))
  #6 C:\wamp\www\bkInternalDashboard\library\Zend\Application\Bootstrap\Bootstrap.php(105): Zend_Controller_Front->dispatch()
  #7 C:\wamp\www\bkInternalDashboard\library\Zend\Application.php(382): Zend_Application_Bootstrap_Bootstrap->run()
  #8 C:\wamp\www\bkInternalDashboard\public\index.php(26): Zend_Application->run()
  #9 {main}
2015-03-26T18:06:20+01:00 DEBUG (7): Ldap: 4: lte authentication failed: 0x22 (Invalid DN syntax; invalid DN): devbk\lte
2015-03-26T18:08:50+01:00 DEBUG (7): Ldap: 1: host=localhost,port=389,accountDomainName=bluekiwi-software.com,accountCanonicalForm=3,username=cn=admin,dc=bluekiwi-software,dc=com,password=*****,baseDn=ou=people,dc=bluekiwi-software,dc=com,bindRequiresDn=
2015-03-26T18:08:50+01:00 DEBUG (7): Ldap: 2: C:\wamp\www\bkInternalDashboard\library\Zend\Ldap.php(615): Option required: accountDomainNameShort
2015-03-26T18:08:50+01:00 DEBUG (7): Ldap: 3: #0 C:\wamp\www\bkInternalDashboard\library\Zend\Auth\Adapter\Ldap.php(314): Zend_Ldap->getCanonicalAccountName('lte')
  #1 C:\wamp\www\bkInternalDashboard\library\Zend\Auth.php(117): Zend_Auth_Adapter_Ldap->authenticate()
  #2 C:\wamp\www\bkInternalDashboard\application\controllers\IndexController.php(31): Zend_Auth->authenticate(Object(Zend_Auth_Adapter_Ldap))
  #3 C:\wamp\www\bkInternalDashboard\library\Zend\Controller\Action.php(516): IndexController->indexAction()
  #4 C:\wamp\www\bkInternalDashboard\library\Zend\Controller\Dispatcher\Standard.php(308): Zend_Controller_Action->dispatch('indexAction')
  #5 C:\wamp\www\bkInternalDashboard\library\Zend\Controller\Front.php(954): Zend_Controller_Dispatcher_Standard->dispatch(Object(Zend_Controller_Request_Http), Object(Zend_Controller_Response_Http))
  #6 C:\wamp\www\bkInternalDashboard\library\Zend\Application\Bootstrap\Bootstrap.php(105): Zend_Controller_Front->dispatch()
  #7 C:\wamp\www\bkInternalDashboard\library\Zend\Application.php(382): Zend_Application_Bootstrap_Bootstrap->run()
  #8 C:\wamp\www\bkInternalDashboard\public\index.php(26): Zend_Application->run()
  #9 {main}
2015-03-26T18:08:50+01:00 DEBUG (7): Ldap: 4: lte authentication failed: Option required: accountDomainNameShort
2015-03-26T18:14:12+01:00 DEBUG (7): Ldap: 1: host=localhost,port=389,accountDomainName=bluekiwi-software.com,accountDomainNameShort=,accountCanonicalForm=3,username=cn=admin,dc=bluekiwi-software,dc=com,password=*****,baseDn=ou=people,dc=bluekiwi-software,dc=com,bindRequiresDn=
2015-03-26T18:14:12+01:00 DEBUG (7): Ldap: 2: C:\wamp\www\bkInternalDashboard\library\Zend\Ldap.php(615): Option required: accountDomainNameShort
2015-03-26T18:14:12+01:00 DEBUG (7): Ldap: 3: #0 C:\wamp\www\bkInternalDashboard\library\Zend\Auth\Adapter\Ldap.php(314): Zend_Ldap->getCanonicalAccountName('lte')
  #1 C:\wamp\www\bkInternalDashboard\library\Zend\Auth.php(117): Zend_Auth_Adapter_Ldap->authenticate()
  #2 C:\wamp\www\bkInternalDashboard\application\controllers\IndexController.php(31): Zend_Auth->authenticate(Object(Zend_Auth_Adapter_Ldap))
  #3 C:\wamp\www\bkInternalDashboard\library\Zend\Controller\Action.php(516): IndexController->indexAction()
  #4 C:\wamp\www\bkInternalDashboard\library\Zend\Controller\Dispatcher\Standard.php(308): Zend_Controller_Action->dispatch('indexAction')
  #5 C:\wamp\www\bkInternalDashboard\library\Zend\Controller\Front.php(954): Zend_Controller_Dispatcher_Standard->dispatch(Object(Zend_Controller_Request_Http), Object(Zend_Controller_Response_Http))
  #6 C:\wamp\www\bkInternalDashboard\library\Zend\Application\Bootstrap\Bootstrap.php(105): Zend_Controller_Front->dispatch()
  #7 C:\wamp\www\bkInternalDashboard\library\Zend\Application.php(382): Zend_Application_Bootstrap_Bootstrap->run()
  #8 C:\wamp\www\bkInternalDashboard\public\index.php(26): Zend_Application->run()
  #9 {main}
2015-03-26T18:14:12+01:00 DEBUG (7): Ldap: 4: lte authentication failed: Option required: accountDomainNameShort
2015-03-26T18:16:58+01:00 DEBUG (7): Ldap: 1: host=localhost,port=389,accountDomainName=bluekiwi-software.com,accountDomainNameShort=foo,accountCanonicalForm=3,username=cn=admin,dc=bluekiwi-software,dc=com,password=*****,baseDn=ou=people,dc=bluekiwi-software,dc=com,bindRequiresDn=
2015-03-26T18:16:58+01:00 DEBUG (7): Ldap: 2: C:\wamp\www\bkInternalDashboard\library\Zend\Ldap.php(903): 0x22 (Invalid DN syntax; invalid DN): foo\lte
2015-03-26T18:16:58+01:00 DEBUG (7): Ldap: 3: #0 C:\wamp\www\bkInternalDashboard\library\Zend\Auth\Adapter\Ldap.php(315): Zend_Ldap->bind('foo\\lte', '*****')
  #1 C:\wamp\www\bkInternalDashboard\library\Zend\Auth.php(117): Zend_Auth_Adapter_Ldap->authenticate()
  #2 C:\wamp\www\bkInternalDashboard\application\controllers\IndexController.php(31): Zend_Auth->authenticate(Object(Zend_Auth_Adapter_Ldap))
  #3 C:\wamp\www\bkInternalDashboard\library\Zend\Controller\Action.php(516): IndexController->indexAction()
  #4 C:\wamp\www\bkInternalDashboard\library\Zend\Controller\Dispatcher\Standard.php(308): Zend_Controller_Action->dispatch('indexAction')
  #5 C:\wamp\www\bkInternalDashboard\library\Zend\Controller\Front.php(954): Zend_Controller_Dispatcher_Standard->dispatch(Object(Zend_Controller_Request_Http), Object(Zend_Controller_Response_Http))
  #6 C:\wamp\www\bkInternalDashboard\library\Zend\Application\Bootstrap\Bootstrap.php(105): Zend_Controller_Front->dispatch()
  #7 C:\wamp\www\bkInternalDashboard\library\Zend\Application.php(382): Zend_Application_Bootstrap_Bootstrap->run()
  #8 C:\wamp\www\bkInternalDashboard\public\index.php(26): Zend_Application->run()
  #9 {main}
2015-03-26T18:16:58+01:00 DEBUG (7): Ldap: 4: lte authentication failed: 0x22 (Invalid DN syntax; invalid DN): foo\lte
2015-03-26T18:18:46+01:00 DEBUG (7): Ldap: 1: host=localhost,port=389,accountDomainName=bluekiwi-software.com,accountDomainNameShort=,accountCanonicalForm=3,username=cn=admin,dc=bluekiwi-software,dc=com,password=*****,baseDn=ou=people,dc=bluekiwi-software,dc=com,bindRequiresDn=
2015-03-26T18:18:46+01:00 DEBUG (7): Ldap: 2: C:\wamp\www\bkInternalDashboard\library\Zend\Ldap.php(615): Option required: accountDomainNameShort
2015-03-26T18:18:46+01:00 DEBUG (7): Ldap: 3: #0 C:\wamp\www\bkInternalDashboard\library\Zend\Auth\Adapter\Ldap.php(314): Zend_Ldap->getCanonicalAccountName('lte')
  #1 C:\wamp\www\bkInternalDashboard\library\Zend\Auth.php(117): Zend_Auth_Adapter_Ldap->authenticate()
  #2 C:\wamp\www\bkInternalDashboard\application\controllers\IndexController.php(31): Zend_Auth->authenticate(Object(Zend_Auth_Adapter_Ldap))
  #3 C:\wamp\www\bkInternalDashboard\library\Zend\Controller\Action.php(516): IndexController->indexAction()
  #4 C:\wamp\www\bkInternalDashboard\library\Zend\Controller\Dispatcher\Standard.php(308): Zend_Controller_Action->dispatch('indexAction')
  #5 C:\wamp\www\bkInternalDashboard\library\Zend\Controller\Front.php(954): Zend_Controller_Dispatcher_Standard->dispatch(Object(Zend_Controller_Request_Http), Object(Zend_Controller_Response_Http))
  #6 C:\wamp\www\bkInternalDashboard\library\Zend\Application\Bootstrap\Bootstrap.php(105): Zend_Controller_Front->dispatch()
  #7 C:\wamp\www\bkInternalDashboard\library\Zend\Application.php(382): Zend_Application_Bootstrap_Bootstrap->run()
  #8 C:\wamp\www\bkInternalDashboard\public\index.php(26): Zend_Application->run()
  #9 {main}
2015-03-26T18:18:46+01:00 DEBUG (7): Ldap: 4: lte authentication failed: Option required: accountDomainNameShort
2015-03-26T18:19:03+01:00 DEBUG (7): Ldap: 1: host=localhost,port=389,accountDomainName=bluekiwi-software.com,accountDomainNameShort= ,accountCanonicalForm=3,username=cn=admin,dc=bluekiwi-software,dc=com,password=*****,baseDn=ou=people,dc=bluekiwi-software,dc=com,bindRequiresDn=
2015-03-26T18:19:03+01:00 DEBUG (7): Ldap: 2: C:\wamp\www\bkInternalDashboard\library\Zend\Ldap.php(615): Option required: accountDomainNameShort
2015-03-26T18:19:03+01:00 DEBUG (7): Ldap: 3: #0 C:\wamp\www\bkInternalDashboard\library\Zend\Auth\Adapter\Ldap.php(314): Zend_Ldap->getCanonicalAccountName('lte')
  #1 C:\wamp\www\bkInternalDashboard\library\Zend\Auth.php(117): Zend_Auth_Adapter_Ldap->authenticate()
  #2 C:\wamp\www\bkInternalDashboard\application\controllers\IndexController.php(31): Zend_Auth->authenticate(Object(Zend_Auth_Adapter_Ldap))
  #3 C:\wamp\www\bkInternalDashboard\library\Zend\Controller\Action.php(516): IndexController->indexAction()
  #4 C:\wamp\www\bkInternalDashboard\library\Zend\Controller\Dispatcher\Standard.php(308): Zend_Controller_Action->dispatch('indexAction')
  #5 C:\wamp\www\bkInternalDashboard\library\Zend\Controller\Front.php(954): Zend_Controller_Dispatcher_Standard->dispatch(Object(Zend_Controller_Request_Http), Object(Zend_Controller_Response_Http))
  #6 C:\wamp\www\bkInternalDashboard\library\Zend\Application\Bootstrap\Bootstrap.php(105): Zend_Controller_Front->dispatch()
  #7 C:\wamp\www\bkInternalDashboard\library\Zend\Application.php(382): Zend_Application_Bootstrap_Bootstrap->run()
  #8 C:\wamp\www\bkInternalDashboard\public\index.php(26): Zend_Application->run()
  #9 {main}
2015-03-26T18:19:03+01:00 DEBUG (7): Ldap: 4: lte authentication failed: Option required: accountDomainNameShort
2015-03-26T18:21:44+01:00 DEBUG (7): Ldap: 1: host=localhost,port=389,accountDomainName=bluekiwi-software.com,accountDomainNameShort=bluekiwi-software,accountCanonicalForm=3,username=cn=admin,dc=bluekiwi-software,dc=com,password=*****,baseDn=ou=people,dc=bluekiwi-software,dc=com,bindRequiresDn=
2015-03-26T18:21:44+01:00 DEBUG (7): Ldap: 2: C:\wamp\www\bkInternalDashboard\library\Zend\Ldap.php(903): 0x22 (Invalid DN syntax; invalid DN): bluekiwi-software\lte
2015-03-26T18:21:44+01:00 DEBUG (7): Ldap: 3: #0 C:\wamp\www\bkInternalDashboard\library\Zend\Auth\Adapter\Ldap.php(315): Zend_Ldap->bind('bluekiwi-softwa...', '*****')
  #1 C:\wamp\www\bkInternalDashboard\library\Zend\Auth.php(117): Zend_Auth_Adapter_Ldap->authenticate()
  #2 C:\wamp\www\bkInternalDashboard\application\controllers\IndexController.php(31): Zend_Auth->authenticate(Object(Zend_Auth_Adapter_Ldap))
  #3 C:\wamp\www\bkInternalDashboard\library\Zend\Controller\Action.php(516): IndexController->indexAction()
  #4 C:\wamp\www\bkInternalDashboard\library\Zend\Controller\Dispatcher\Standard.php(308): Zend_Controller_Action->dispatch('indexAction')
  #5 C:\wamp\www\bkInternalDashboard\library\Zend\Controller\Front.php(954): Zend_Controller_Dispatcher_Standard->dispatch(Object(Zend_Controller_Request_Http), Object(Zend_Controller_Response_Http))
  #6 C:\wamp\www\bkInternalDashboard\library\Zend\Application\Bootstrap\Bootstrap.php(105): Zend_Controller_Front->dispatch()
  #7 C:\wamp\www\bkInternalDashboard\library\Zend\Application.php(382): Zend_Application_Bootstrap_Bootstrap->run()
  #8 C:\wamp\www\bkInternalDashboard\public\index.php(26): Zend_Application->run()
  #9 {main}
2015-03-26T18:21:44+01:00 DEBUG (7): Ldap: 4: lte authentication failed: 0x22 (Invalid DN syntax; invalid DN): bluekiwi-software\lte
2015-03-26T18:24:27+01:00 DEBUG (7): Ldap: 1: host=localhost,port=389,accountDomainName=bluekiwi-software.com,accountDomainNameShort=bluekiwi-software,accountCanonicalForm=3,username=cn=admin,dc=bluekiwi-software,dc=com,password=*****,baseDn=ou=people,dc=bluekiwi-software,dc=com,bindRequiresDn=
2015-03-26T18:24:27+01:00 DEBUG (7): Ldap: 2: C:\wamp\www\bkInternalDashboard\library\Zend\Ldap.php(903): 0x22 (Invalid DN syntax; invalid DN): bluekiwi-software\lte
2015-03-26T18:24:27+01:00 DEBUG (7): Ldap: 3: #0 C:\wamp\www\bkInternalDashboard\library\Zend\Auth\Adapter\Ldap.php(315): Zend_Ldap->bind('bluekiwi-softwa...', '*****')
  #1 C:\wamp\www\bkInternalDashboard\library\Zend\Auth.php(117): Zend_Auth_Adapter_Ldap->authenticate()
  #2 C:\wamp\www\bkInternalDashboard\application\controllers\IndexController.php(31): Zend_Auth->authenticate(Object(Zend_Auth_Adapter_Ldap))
  #3 C:\wamp\www\bkInternalDashboard\library\Zend\Controller\Action.php(516): IndexController->indexAction()
  #4 C:\wamp\www\bkInternalDashboard\library\Zend\Controller\Dispatcher\Standard.php(308): Zend_Controller_Action->dispatch('indexAction')
  #5 C:\wamp\www\bkInternalDashboard\library\Zend\Controller\Front.php(954): Zend_Controller_Dispatcher_Standard->dispatch(Object(Zend_Controller_Request_Http), Object(Zend_Controller_Response_Http))
  #6 C:\wamp\www\bkInternalDashboard\library\Zend\Application\Bootstrap\Bootstrap.php(105): Zend_Controller_Front->dispatch()
  #7 C:\wamp\www\bkInternalDashboard\library\Zend\Application.php(382): Zend_Application_Bootstrap_Bootstrap->run()
  #8 C:\wamp\www\bkInternalDashboard\public\index.php(26): Zend_Application->run()
  #9 {main}
2015-03-26T18:24:27+01:00 DEBUG (7): Ldap: 4: lte authentication failed: 0x22 (Invalid DN syntax; invalid DN): bluekiwi-software\lte
2015-03-26T18:44:05+01:00 DEBUG (7): Ldap: 1: host=localhost,port=389,accountDomainName=bluekiwi-software.com,accountDomainNameShort=bluekiwi-software,accountCanonicalForm=3,username=cn=admin,dc=bluekiwi-software,dc=com,password=*****,baseDn=ou=people,dc=bluekiwi-software,dc=com,bindRequiresDn=
2015-03-26T18:44:05+01:00 DEBUG (7): Ldap: 2: C:\wamp\www\bkInternalDashboard\library\Zend\Ldap.php(903): 0x22 (Invalid DN syntax; invalid DN): bluekiwi-software\sss
2015-03-26T18:44:05+01:00 DEBUG (7): Ldap: 3: #0 C:\wamp\www\bkInternalDashboard\library\Zend\Auth\Adapter\Ldap.php(315): Zend_Ldap->bind('bluekiwi-softwa...', '*****')
  #1 C:\wamp\www\bkInternalDashboard\library\Zend\Auth.php(117): Zend_Auth_Adapter_Ldap->authenticate()
  #2 C:\wamp\www\bkInternalDashboard\application\controllers\IndexController.php(31): Zend_Auth->authenticate(Object(Zend_Auth_Adapter_Ldap))
  #3 C:\wamp\www\bkInternalDashboard\library\Zend\Controller\Action.php(516): IndexController->indexAction()
  #4 C:\wamp\www\bkInternalDashboard\library\Zend\Controller\Dispatcher\Standard.php(308): Zend_Controller_Action->dispatch('indexAction')
  #5 C:\wamp\www\bkInternalDashboard\library\Zend\Controller\Front.php(954): Zend_Controller_Dispatcher_Standard->dispatch(Object(Zend_Controller_Request_Http), Object(Zend_Controller_Response_Http))
  #6 C:\wamp\www\bkInternalDashboard\library\Zend\Application\Bootstrap\Bootstrap.php(105): Zend_Controller_Front->dispatch()
  #7 C:\wamp\www\bkInternalDashboard\library\Zend\Application.php(382): Zend_Application_Bootstrap_Bootstrap->run()
  #8 C:\wamp\www\bkInternalDashboard\public\index.php(26): Zend_Application->run()
  #9 {main}
2015-03-26T18:44:05+01:00 DEBUG (7): Ldap: 4: sss authentication failed: 0x22 (Invalid DN syntax; invalid DN): bluekiwi-software\sss
2015-03-26T18:44:28+01:00 DEBUG (7): Ldap: 1: host=localhost,port=389,accountDomainName=bluekiwi-software.com,accountDomainNameShort=bluekiwi-software,accountCanonicalForm=3,username=cn=admin,dc=bluekiwi-software,dc=com,password=*****,baseDn=ou=people,dc=bluekiwi-software,dc=com,bindRequiresDn=
2015-03-26T18:44:28+01:00 DEBUG (7): Ldap: 2: C:\wamp\www\bkInternalDashboard\library\Zend\Ldap.php(903): 0x22 (Invalid DN syntax; invalid DN): bluekiwi-software\sss
2015-03-26T18:44:28+01:00 DEBUG (7): Ldap: 3: #0 C:\wamp\www\bkInternalDashboard\library\Zend\Auth\Adapter\Ldap.php(315): Zend_Ldap->bind('bluekiwi-softwa...', '*****')
  #1 C:\wamp\www\bkInternalDashboard\library\Zend\Auth.php(117): Zend_Auth_Adapter_Ldap->authenticate()
  #2 C:\wamp\www\bkInternalDashboard\application\controllers\IndexController.php(31): Zend_Auth->authenticate(Object(Zend_Auth_Adapter_Ldap))
  #3 C:\wamp\www\bkInternalDashboard\library\Zend\Controller\Action.php(516): IndexController->indexAction()
  #4 C:\wamp\www\bkInternalDashboard\library\Zend\Controller\Dispatcher\Standard.php(308): Zend_Controller_Action->dispatch('indexAction')
  #5 C:\wamp\www\bkInternalDashboard\library\Zend\Controller\Front.php(954): Zend_Controller_Dispatcher_Standard->dispatch(Object(Zend_Controller_Request_Http), Object(Zend_Controller_Response_Http))
  #6 C:\wamp\www\bkInternalDashboard\library\Zend\Application\Bootstrap\Bootstrap.php(105): Zend_Controller_Front->dispatch()
  #7 C:\wamp\www\bkInternalDashboard\library\Zend\Application.php(382): Zend_Application_Bootstrap_Bootstrap->run()
  #8 C:\wamp\www\bkInternalDashboard\public\index.php(26): Zend_Application->run()
  #9 {main}
2015-03-26T18:44:28+01:00 DEBUG (7): Ldap: 4: sss authentication failed: 0x22 (Invalid DN syntax; invalid DN): bluekiwi-software\sss
2015-03-27T13:54:31+01:00 DEBUG (7): Ldap: 1: host=localhost,port=389,accountDomainName=bluekiwi-software.com,accountDomainNameShort=bluekiwi-software,accountCanonicalForm=3,username=cn=admin,dc=bluekiwi-software,dc=com,password=*****,baseDn=ou=people,dc=bluekiwi-software,dc=com,bindRequiresDn=
2015-03-27T13:54:32+01:00 DEBUG (7): Ldap: 2: C:\wamp\www\bkInternalDashboard\library\Zend\Ldap.php(903): 0x22 (Invalid DN syntax; invalid DN): bluekiwi-software\ss
2015-03-27T13:54:32+01:00 DEBUG (7): Ldap: 3: #0 C:\wamp\www\bkInternalDashboard\library\Zend\Auth\Adapter\Ldap.php(315): Zend_Ldap->bind('bluekiwi-softwa...', '*****')
  #1 C:\wamp\www\bkInternalDashboard\library\Zend\Auth.php(117): Zend_Auth_Adapter_Ldap->authenticate()
  #2 C:\wamp\www\bkInternalDashboard\application\controllers\IndexController.php(31): Zend_Auth->authenticate(Object(Zend_Auth_Adapter_Ldap))
  #3 C:\wamp\www\bkInternalDashboard\library\Zend\Controller\Action.php(516): IndexController->indexAction()
  #4 C:\wamp\www\bkInternalDashboard\library\Zend\Controller\Dispatcher\Standard.php(308): Zend_Controller_Action->dispatch('indexAction')
  #5 C:\wamp\www\bkInternalDashboard\library\Zend\Controller\Front.php(954): Zend_Controller_Dispatcher_Standard->dispatch(Object(Zend_Controller_Request_Http), Object(Zend_Controller_Response_Http))
  #6 C:\wamp\www\bkInternalDashboard\library\Zend\Application\Bootstrap\Bootstrap.php(105): Zend_Controller_Front->dispatch()
  #7 C:\wamp\www\bkInternalDashboard\library\Zend\Application.php(382): Zend_Application_Bootstrap_Bootstrap->run()
  #8 C:\wamp\www\bkInternalDashboard\public\index.php(26): Zend_Application->run()
  #9 {main}
2015-03-27T13:54:32+01:00 DEBUG (7): Ldap: 4: ss authentication failed: 0x22 (Invalid DN syntax; invalid DN): bluekiwi-software\ss
2015-03-30T11:08:40+02:00 DEBUG (7): Ldap: 1: host=localhost,port=389,accountDomainName=bluekiwi-software.com,accountDomainNameShort=bluekiwi-software,accountCanonicalForm=2,username=cn=admin,dc=bluekiwi-software,dc=com,password=*****,baseDn=ou=people,dc=bluekiwi-software,dc=com,bindRequiresDn=1,accountFilterFormat=(&(objectClass=inetOrgPerson)(uid=%s))
2015-03-30T11:08:40+02:00 DEBUG (7): Ldap: 2: C:\wamp\www\bkInternalDashboard\library\Zend\Ldap.php(854): 0x1: Failed to retrieve DN for account: lte [Empty password not allowed - see allowEmptyPassword option.]
2015-03-30T11:08:40+02:00 DEBUG (7): Ldap: 3: #0 C:\wamp\www\bkInternalDashboard\library\Zend\Auth\Adapter\Ldap.php(315): Zend_Ldap->bind('lte', '*****')
  #1 C:\wamp\www\bkInternalDashboard\library\Zend\Auth.php(117): Zend_Auth_Adapter_Ldap->authenticate()
  #2 C:\wamp\www\bkInternalDashboard\application\controllers\IndexController.php(31): Zend_Auth->authenticate(Object(Zend_Auth_Adapter_Ldap))
  #3 C:\wamp\www\bkInternalDashboard\library\Zend\Controller\Action.php(516): IndexController->indexAction()
  #4 C:\wamp\www\bkInternalDashboard\library\Zend\Controller\Dispatcher\Standard.php(308): Zend_Controller_Action->dispatch('indexAction')
  #5 C:\wamp\www\bkInternalDashboard\library\Zend\Controller\Front.php(954): Zend_Controller_Dispatcher_Standard->dispatch(Object(Zend_Controller_Request_Http), Object(Zend_Controller_Response_Http))
  #6 C:\wamp\www\bkInternalDashboard\library\Zend\Application\Bootstrap\Bootstrap.php(105): Zend_Controller_Front->dispatch()
  #7 C:\wamp\www\bkInternalDashboard\library\Zend\Application.php(382): Zend_Application_Bootstrap_Bootstrap->run()
  #8 C:\wamp\www\bkInternalDashboard\public\index.php(26): Zend_Application->run()
  #9 {main}
2015-03-30T11:08:40+02:00 DEBUG (7): Ldap: 4: lte authentication failed: 0x1: Failed to retrieve DN for account: lte [Empty password not allowed - see allowEmptyPassword option.]
2015-03-30T11:28:39+02:00 DEBUG (7): Ldap: 1: host=localhost,port=389,accountDomainName=bluekiwi-software.com,accountDomainNameShort=bluekiwi-software,accountCanonicalForm=2,username=cn=admin,dc=bluekiwi-software,dc=com,password=*****,baseDn=ou=people,dc=bluekiwi-software,dc=com,bindRequiresDn=1,accountFilterFormat=(&(objectClass=inetOrgPerson)(uid=%s))
2015-03-30T11:28:39+02:00 DEBUG (7): Ldap: 2: C:\wamp\www\bkInternalDashboard\library\Zend\Ldap.php(854): 0x1: Failed to retrieve DN for account: hjkhjk [Empty password not allowed - see allowEmptyPassword option.]
2015-03-30T11:28:39+02:00 DEBUG (7): Ldap: 3: #0 C:\wamp\www\bkInternalDashboard\library\Zend\Auth\Adapter\Ldap.php(315): Zend_Ldap->bind('hjkhjk', '*****')
  #1 C:\wamp\www\bkInternalDashboard\library\Zend\Auth.php(117): Zend_Auth_Adapter_Ldap->authenticate()
  #2 C:\wamp\www\bkInternalDashboard\application\controllers\IndexController.php(31): Zend_Auth->authenticate(Object(Zend_Auth_Adapter_Ldap))
  #3 C:\wamp\www\bkInternalDashboard\library\Zend\Controller\Action.php(516): IndexController->indexAction()
  #4 C:\wamp\www\bkInternalDashboard\library\Zend\Controller\Dispatcher\Standard.php(308): Zend_Controller_Action->dispatch('indexAction')
  #5 C:\wamp\www\bkInternalDashboard\library\Zend\Controller\Front.php(954): Zend_Controller_Dispatcher_Standard->dispatch(Object(Zend_Controller_Request_Http), Object(Zend_Controller_Response_Http))
  #6 C:\wamp\www\bkInternalDashboard\library\Zend\Application\Bootstrap\Bootstrap.php(105): Zend_Controller_Front->dispatch()
  #7 C:\wamp\www\bkInternalDashboard\library\Zend\Application.php(382): Zend_Application_Bootstrap_Bootstrap->run()
  #8 C:\wamp\www\bkInternalDashboard\public\index.php(26): Zend_Application->run()
  #9 {main}
2015-03-30T11:28:39+02:00 DEBUG (7): Ldap: 4: hjkhjk authentication failed: 0x1: Failed to retrieve DN for account: hjkhjk [Empty password not allowed - see allowEmptyPassword option.]
2015-03-30T11:50:19+02:00 DEBUG (7): Ldap: 1: host=localhost,port=389,accountDomainName=bluekiwi-software.com,accountDomainNameShort=bluekiwi-software,accountCanonicalForm=2,username=cn=admin,dc=bluekiwi-software,dc=com,password=*****,baseDn=ou=people,dc=bluekiwi-software,dc=com,bindRequiresDn=1,accountFilterFormat=(&(objectClass=inetOrgPerson)(uid=%s))
2015-03-30T11:50:19+02:00 DEBUG (7): Ldap: 2: C:\wamp\www\bkInternalDashboard\library\Zend\Ldap.php(854): 0x1: Failed to retrieve DN for account: dsqds [Empty password not allowed - see allowEmptyPassword option.]
2015-03-30T11:50:19+02:00 DEBUG (7): Ldap: 3: #0 C:\wamp\www\bkInternalDashboard\library\Zend\Auth\Adapter\Ldap.php(315): Zend_Ldap->bind('dsqds', '*****')
  #1 C:\wamp\www\bkInternalDashboard\library\Zend\Auth.php(117): Zend_Auth_Adapter_Ldap->authenticate()
  #2 C:\wamp\www\bkInternalDashboard\application\controllers\AuthController.php(38): Zend_Auth->authenticate(Object(Zend_Auth_Adapter_Ldap))
  #3 C:\wamp\www\bkInternalDashboard\library\Zend\Controller\Action.php(516): authController->loginAction()
  #4 C:\wamp\www\bkInternalDashboard\library\Zend\Controller\Dispatcher\Standard.php(308): Zend_Controller_Action->dispatch('loginAction')
  #5 C:\wamp\www\bkInternalDashboard\library\Zend\Controller\Front.php(954): Zend_Controller_Dispatcher_Standard->dispatch(Object(Zend_Controller_Request_Http), Object(Zend_Controller_Response_Http))
  #6 C:\wamp\www\bkInternalDashboard\library\Zend\Application\Bootstrap\Bootstrap.php(105): Zend_Controller_Front->dispatch()
  #7 C:\wamp\www\bkInternalDashboard\library\Zend\Application.php(382): Zend_Application_Bootstrap_Bootstrap->run()
  #8 C:\wamp\www\bkInternalDashboard\public\index.php(26): Zend_Application->run()
  #9 {main}
2015-03-30T11:50:19+02:00 DEBUG (7): Ldap: 4: dsqds authentication failed: 0x1: Failed to retrieve DN for account: dsqds [Empty password not allowed - see allowEmptyPassword option.]
2015-03-30T11:50:46+02:00 DEBUG (7): Ldap: 1: host=localhost,port=389,accountDomainName=bluekiwi-software.com,accountDomainNameShort=bluekiwi-software,accountCanonicalForm=2,username=cn=admin,dc=bluekiwi-software,dc=com,password=*****,baseDn=ou=people,dc=bluekiwi-software,dc=com,bindRequiresDn=1,accountFilterFormat=(&(objectClass=inetOrgPerson)(uid=%s))
2015-03-30T11:50:46+02:00 DEBUG (7): Ldap: 2: C:\wamp\www\bkInternalDashboard\library\Zend\Ldap.php(854): 0x1: Failed to retrieve DN for account: dsqds [Empty password not allowed - see allowEmptyPassword option.]
2015-03-30T11:50:46+02:00 DEBUG (7): Ldap: 3: #0 C:\wamp\www\bkInternalDashboard\library\Zend\Auth\Adapter\Ldap.php(315): Zend_Ldap->bind('dsqds', '*****')
  #1 C:\wamp\www\bkInternalDashboard\library\Zend\Auth.php(117): Zend_Auth_Adapter_Ldap->authenticate()
  #2 C:\wamp\www\bkInternalDashboard\application\controllers\AuthController.php(38): Zend_Auth->authenticate(Object(Zend_Auth_Adapter_Ldap))
  #3 C:\wamp\www\bkInternalDashboard\library\Zend\Controller\Action.php(516): authController->loginAction()
  #4 C:\wamp\www\bkInternalDashboard\library\Zend\Controller\Dispatcher\Standard.php(308): Zend_Controller_Action->dispatch('loginAction')
  #5 C:\wamp\www\bkInternalDashboard\library\Zend\Controller\Front.php(954): Zend_Controller_Dispatcher_Standard->dispatch(Object(Zend_Controller_Request_Http), Object(Zend_Controller_Response_Http))
  #6 C:\wamp\www\bkInternalDashboard\library\Zend\Application\Bootstrap\Bootstrap.php(105): Zend_Controller_Front->dispatch()
  #7 C:\wamp\www\bkInternalDashboard\library\Zend\Application.php(382): Zend_Application_Bootstrap_Bootstrap->run()
  #8 C:\wamp\www\bkInternalDashboard\public\index.php(26): Zend_Application->run()
  #9 {main}
2015-03-30T11:50:46+02:00 DEBUG (7): Ldap: 4: dsqds authentication failed: 0x1: Failed to retrieve DN for account: dsqds [Empty password not allowed - see allowEmptyPassword option.]
2015-03-30T11:51:23+02:00 DEBUG (7): Ldap: 1: host=localhost,port=389,accountDomainName=bluekiwi-software.com,accountDomainNameShort=bluekiwi-software,accountCanonicalForm=2,username=cn=admin,dc=bluekiwi-software,dc=com,password=*****,baseDn=ou=people,dc=bluekiwi-software,dc=com,bindRequiresDn=1,accountFilterFormat=(&(objectClass=inetOrgPerson)(uid=%s))
2015-03-30T11:51:23+02:00 DEBUG (7): Ldap: 2: C:\wamp\www\bkInternalDashboard\library\Zend\Ldap.php(854): 0x1: Failed to retrieve DN for account: dsqds [Empty password not allowed - see allowEmptyPassword option.]
2015-03-30T11:51:23+02:00 DEBUG (7): Ldap: 3: #0 C:\wamp\www\bkInternalDashboard\library\Zend\Auth\Adapter\Ldap.php(315): Zend_Ldap->bind('dsqds', '*****')
  #1 C:\wamp\www\bkInternalDashboard\library\Zend\Auth.php(117): Zend_Auth_Adapter_Ldap->authenticate()
  #2 C:\wamp\www\bkInternalDashboard\application\controllers\AuthController.php(38): Zend_Auth->authenticate(Object(Zend_Auth_Adapter_Ldap))
  #3 C:\wamp\www\bkInternalDashboard\library\Zend\Controller\Action.php(516): authController->loginAction()
  #4 C:\wamp\www\bkInternalDashboard\library\Zend\Controller\Dispatcher\Standard.php(308): Zend_Controller_Action->dispatch('loginAction')
  #5 C:\wamp\www\bkInternalDashboard\library\Zend\Controller\Front.php(954): Zend_Controller_Dispatcher_Standard->dispatch(Object(Zend_Controller_Request_Http), Object(Zend_Controller_Response_Http))
  #6 C:\wamp\www\bkInternalDashboard\library\Zend\Application\Bootstrap\Bootstrap.php(105): Zend_Controller_Front->dispatch()
  #7 C:\wamp\www\bkInternalDashboard\library\Zend\Application.php(382): Zend_Application_Bootstrap_Bootstrap->run()
  #8 C:\wamp\www\bkInternalDashboard\public\index.php(26): Zend_Application->run()
  #9 {main}
2015-03-30T11:51:23+02:00 DEBUG (7): Ldap: 4: dsqds authentication failed: 0x1: Failed to retrieve DN for account: dsqds [Empty password not allowed - see allowEmptyPassword option.]
2015-03-30T11:54:32+02:00 DEBUG (7): Ldap: 1: host=localhost,port=389,accountDomainName=bluekiwi-software.com,accountDomainNameShort=bluekiwi-software,accountCanonicalForm=2,username=cn=admin,dc=bluekiwi-software,dc=com,password=*****,baseDn=ou=people,dc=bluekiwi-software,dc=com,bindRequiresDn=1,accountFilterFormat=(&(objectClass=inetOrgPerson)(uid=%s))
2015-03-30T11:54:32+02:00 DEBUG (7): Ldap: 2: C:\wamp\www\bkInternalDashboard\library\Zend\Ldap.php(854): 0x1: Failed to retrieve DN for account: sqsq [Empty password not allowed - see allowEmptyPassword option.]
2015-03-30T11:54:32+02:00 DEBUG (7): Ldap: 3: #0 C:\wamp\www\bkInternalDashboard\library\Zend\Auth\Adapter\Ldap.php(315): Zend_Ldap->bind('sqsq', '*****')
  #1 C:\wamp\www\bkInternalDashboard\library\Zend\Auth.php(117): Zend_Auth_Adapter_Ldap->authenticate()
  #2 C:\wamp\www\bkInternalDashboard\application\controllers\AuthController.php(26): Zend_Auth->authenticate(Object(Zend_Auth_Adapter_Ldap))
  #3 C:\wamp\www\bkInternalDashboard\library\Zend\Controller\Action.php(516): authController->loginAction()
  #4 C:\wamp\www\bkInternalDashboard\library\Zend\Controller\Dispatcher\Standard.php(308): Zend_Controller_Action->dispatch('loginAction')
  #5 C:\wamp\www\bkInternalDashboard\library\Zend\Controller\Front.php(954): Zend_Controller_Dispatcher_Standard->dispatch(Object(Zend_Controller_Request_Http), Object(Zend_Controller_Response_Http))
  #6 C:\wamp\www\bkInternalDashboard\library\Zend\Application\Bootstrap\Bootstrap.php(105): Zend_Controller_Front->dispatch()
  #7 C:\wamp\www\bkInternalDashboard\library\Zend\Application.php(382): Zend_Application_Bootstrap_Bootstrap->run()
  #8 C:\wamp\www\bkInternalDashboard\public\index.php(26): Zend_Application->run()
  #9 {main}
2015-03-30T11:54:32+02:00 DEBUG (7): Ldap: 4: sqsq authentication failed: 0x1: Failed to retrieve DN for account: sqsq [Empty password not allowed - see allowEmptyPassword option.]
2015-03-30T11:55:28+02:00 DEBUG (7): Ldap: 1: host=localhost,port=389,accountDomainName=bluekiwi-software.com,accountDomainNameShort=bluekiwi-software,accountCanonicalForm=2,username=cn=admin,dc=bluekiwi-software,dc=com,password=*****,baseDn=ou=people,dc=bluekiwi-software,dc=com,bindRequiresDn=1,accountFilterFormat=(&(objectClass=inetOrgPerson)(uid=%s))
2015-03-30T11:55:28+02:00 DEBUG (7): Ldap: 2: C:\wamp\www\bkInternalDashboard\library\Zend\Ldap.php(854): 0x1: Failed to retrieve DN for account: lte [Empty password not allowed - see allowEmptyPassword option.]
2015-03-30T11:55:28+02:00 DEBUG (7): Ldap: 3: #0 C:\wamp\www\bkInternalDashboard\library\Zend\Auth\Adapter\Ldap.php(315): Zend_Ldap->bind('lte', '*****')
  #1 C:\wamp\www\bkInternalDashboard\library\Zend\Auth.php(117): Zend_Auth_Adapter_Ldap->authenticate()
  #2 C:\wamp\www\bkInternalDashboard\application\controllers\AuthController.php(26): Zend_Auth->authenticate(Object(Zend_Auth_Adapter_Ldap))
  #3 C:\wamp\www\bkInternalDashboard\library\Zend\Controller\Action.php(516): authController->loginAction()
  #4 C:\wamp\www\bkInternalDashboard\library\Zend\Controller\Dispatcher\Standard.php(308): Zend_Controller_Action->dispatch('loginAction')
  #5 C:\wamp\www\bkInternalDashboard\library\Zend\Controller\Front.php(954): Zend_Controller_Dispatcher_Standard->dispatch(Object(Zend_Controller_Request_Http), Object(Zend_Controller_Response_Http))
  #6 C:\wamp\www\bkInternalDashboard\library\Zend\Application\Bootstrap\Bootstrap.php(105): Zend_Controller_Front->dispatch()
  #7 C:\wamp\www\bkInternalDashboard\library\Zend\Application.php(382): Zend_Application_Bootstrap_Bootstrap->run()
  #8 C:\wamp\www\bkInternalDashboard\public\index.php(26): Zend_Application->run()
  #9 {main}
2015-03-30T11:55:28+02:00 DEBUG (7): Ldap: 4: lte authentication failed: 0x1: Failed to retrieve DN for account: lte [Empty password not allowed - see allowEmptyPassword option.]
2015-03-30T11:55:32+02:00 DEBUG (7): Ldap: 1: host=localhost,port=389,accountDomainName=bluekiwi-software.com,accountDomainNameShort=bluekiwi-software,accountCanonicalForm=2,username=cn=admin,dc=bluekiwi-software,dc=com,password=*****,baseDn=ou=people,dc=bluekiwi-software,dc=com,bindRequiresDn=1,accountFilterFormat=(&(objectClass=inetOrgPerson)(uid=%s))
2015-03-30T11:55:32+02:00 DEBUG (7): Ldap: 2: C:\wamp\www\bkInternalDashboard\library\Zend\Ldap.php(854): 0x1: Failed to retrieve DN for account: lte [Empty password not allowed - see allowEmptyPassword option.]
2015-03-30T11:55:32+02:00 DEBUG (7): Ldap: 3: #0 C:\wamp\www\bkInternalDashboard\library\Zend\Auth\Adapter\Ldap.php(315): Zend_Ldap->bind('lte', '*****')
  #1 C:\wamp\www\bkInternalDashboard\library\Zend\Auth.php(117): Zend_Auth_Adapter_Ldap->authenticate()
  #2 C:\wamp\www\bkInternalDashboard\application\controllers\AuthController.php(26): Zend_Auth->authenticate(Object(Zend_Auth_Adapter_Ldap))
  #3 C:\wamp\www\bkInternalDashboard\library\Zend\Controller\Action.php(516): authController->loginAction()
  #4 C:\wamp\www\bkInternalDashboard\library\Zend\Controller\Dispatcher\Standard.php(308): Zend_Controller_Action->dispatch('loginAction')
  #5 C:\wamp\www\bkInternalDashboard\library\Zend\Controller\Front.php(954): Zend_Controller_Dispatcher_Standard->dispatch(Object(Zend_Controller_Request_Http), Object(Zend_Controller_Response_Http))
  #6 C:\wamp\www\bkInternalDashboard\library\Zend\Application\Bootstrap\Bootstrap.php(105): Zend_Controller_Front->dispatch()
  #7 C:\wamp\www\bkInternalDashboard\library\Zend\Application.php(382): Zend_Application_Bootstrap_Bootstrap->run()
  #8 C:\wamp\www\bkInternalDashboard\public\index.php(26): Zend_Application->run()
  #9 {main}
2015-03-30T11:55:32+02:00 DEBUG (7): Ldap: 4: lte authentication failed: 0x1: Failed to retrieve DN for account: lte [Empty password not allowed - see allowEmptyPassword option.]
2015-03-30T11:55:39+02:00 DEBUG (7): Ldap: 1: host=localhost,port=389,accountDomainName=bluekiwi-software.com,accountDomainNameShort=bluekiwi-software,accountCanonicalForm=2,username=cn=admin,dc=bluekiwi-software,dc=com,password=*****,baseDn=ou=people,dc=bluekiwi-software,dc=com,bindRequiresDn=1,accountFilterFormat=(&(objectClass=inetOrgPerson)(uid=%s))
2015-03-30T11:55:39+02:00 DEBUG (7): Ldap: 2: C:\wamp\www\bkInternalDashboard\library\Zend\Ldap.php(854): 0x1: Failed to retrieve DN for account: lte [Empty password not allowed - see allowEmptyPassword option.]
2015-03-30T11:55:39+02:00 DEBUG (7): Ldap: 3: #0 C:\wamp\www\bkInternalDashboard\library\Zend\Auth\Adapter\Ldap.php(315): Zend_Ldap->bind('lte', '*****')
  #1 C:\wamp\www\bkInternalDashboard\library\Zend\Auth.php(117): Zend_Auth_Adapter_Ldap->authenticate()
  #2 C:\wamp\www\bkInternalDashboard\application\controllers\AuthController.php(26): Zend_Auth->authenticate(Object(Zend_Auth_Adapter_Ldap))
  #3 C:\wamp\www\bkInternalDashboard\library\Zend\Controller\Action.php(516): authController->loginAction()
  #4 C:\wamp\www\bkInternalDashboard\library\Zend\Controller\Dispatcher\Standard.php(308): Zend_Controller_Action->dispatch('loginAction')
  #5 C:\wamp\www\bkInternalDashboard\library\Zend\Controller\Front.php(954): Zend_Controller_Dispatcher_Standard->dispatch(Object(Zend_Controller_Request_Http), Object(Zend_Controller_Response_Http))
  #6 C:\wamp\www\bkInternalDashboard\library\Zend\Application\Bootstrap\Bootstrap.php(105): Zend_Controller_Front->dispatch()
  #7 C:\wamp\www\bkInternalDashboard\library\Zend\Application.php(382): Zend_Application_Bootstrap_Bootstrap->run()
  #8 C:\wamp\www\bkInternalDashboard\public\index.php(26): Zend_Application->run()
  #9 {main}
2015-03-30T11:55:39+02:00 DEBUG (7): Ldap: 4: lte authentication failed: 0x1: Failed to retrieve DN for account: lte [Empty password not allowed - see allowEmptyPassword option.]
2015-03-30T11:55:50+02:00 DEBUG (7): Ldap: 1: host=localhost,port=389,accountDomainName=bluekiwi-software.com,accountDomainNameShort=bluekiwi-software,accountCanonicalForm=2,username=cn=admin,dc=bluekiwi-software,dc=com,password=*****,baseDn=ou=people,dc=bluekiwi-software,dc=com,bindRequiresDn=1,accountFilterFormat=(&(objectClass=inetOrgPerson)(uid=%s))
2015-03-30T11:55:50+02:00 DEBUG (7): Ldap: 2: C:\wamp\www\bkInternalDashboard\library\Zend\Ldap.php(854): 0x1: Failed to retrieve DN for account: lte [Empty password not allowed - see allowEmptyPassword option.]
2015-03-30T11:55:50+02:00 DEBUG (7): Ldap: 3: #0 C:\wamp\www\bkInternalDashboard\library\Zend\Auth\Adapter\Ldap.php(315): Zend_Ldap->bind('lte', '*****')
  #1 C:\wamp\www\bkInternalDashboard\library\Zend\Auth.php(117): Zend_Auth_Adapter_Ldap->authenticate()
  #2 C:\wamp\www\bkInternalDashboard\application\controllers\AuthController.php(26): Zend_Auth->authenticate(Object(Zend_Auth_Adapter_Ldap))
  #3 C:\wamp\www\bkInternalDashboard\library\Zend\Controller\Action.php(516): authController->loginAction()
  #4 C:\wamp\www\bkInternalDashboard\library\Zend\Controller\Dispatcher\Standard.php(308): Zend_Controller_Action->dispatch('loginAction')
  #5 C:\wamp\www\bkInternalDashboard\library\Zend\Controller\Front.php(954): Zend_Controller_Dispatcher_Standard->dispatch(Object(Zend_Controller_Request_Http), Object(Zend_Controller_Response_Http))
  #6 C:\wamp\www\bkInternalDashboard\library\Zend\Application\Bootstrap\Bootstrap.php(105): Zend_Controller_Front->dispatch()
  #7 C:\wamp\www\bkInternalDashboard\library\Zend\Application.php(382): Zend_Application_Bootstrap_Bootstrap->run()
  #8 C:\wamp\www\bkInternalDashboard\public\index.php(26): Zend_Application->run()
  #9 {main}
2015-03-30T11:55:50+02:00 DEBUG (7): Ldap: 4: lte authentication failed: 0x1: Failed to retrieve DN for account: lte [Empty password not allowed - see allowEmptyPassword option.]
2015-03-30T11:58:17+02:00 DEBUG (7): Ldap: 1: host=localhost,port=389,accountDomainName=bluekiwi-software.com,accountDomainNameShort=bluekiwi-software,accountCanonicalForm=2,username=cn=admin,dc=bluekiwi-software,dc=com,password=*****,baseDn=ou=people,dc=bluekiwi-software,dc=com,bindRequiresDn=1,accountFilterFormat=(&(objectClass=inetOrgPerson)(uid=%s))
2015-03-30T11:58:17+02:00 DEBUG (7): Ldap: 2: C:\wamp\www\bkInternalDashboard\library\Zend\Ldap.php(854): 0x1: Failed to retrieve DN for account: lte [Empty password not allowed - see allowEmptyPassword option.]
2015-03-30T11:58:17+02:00 DEBUG (7): Ldap: 3: #0 C:\wamp\www\bkInternalDashboard\library\Zend\Auth\Adapter\Ldap.php(315): Zend_Ldap->bind('lte', '*****')
  #1 C:\wamp\www\bkInternalDashboard\library\Zend\Auth.php(117): Zend_Auth_Adapter_Ldap->authenticate()
  #2 C:\wamp\www\bkInternalDashboard\application\controllers\AuthController.php(26): Zend_Auth->authenticate(Object(Zend_Auth_Adapter_Ldap))
  #3 C:\wamp\www\bkInternalDashboard\library\Zend\Controller\Action.php(516): authController->loginAction()
  #4 C:\wamp\www\bkInternalDashboard\library\Zend\Controller\Dispatcher\Standard.php(308): Zend_Controller_Action->dispatch('loginAction')
  #5 C:\wamp\www\bkInternalDashboard\library\Zend\Controller\Front.php(954): Zend_Controller_Dispatcher_Standard->dispatch(Object(Zend_Controller_Request_Http), Object(Zend_Controller_Response_Http))
  #6 C:\wamp\www\bkInternalDashboard\library\Zend\Application\Bootstrap\Bootstrap.php(105): Zend_Controller_Front->dispatch()
  #7 C:\wamp\www\bkInternalDashboard\library\Zend\Application.php(382): Zend_Application_Bootstrap_Bootstrap->run()
  #8 C:\wamp\www\bkInternalDashboard\public\index.php(26): Zend_Application->run()
  #9 {main}
2015-03-30T11:58:17+02:00 DEBUG (7): Ldap: 4: lte authentication failed: 0x1: Failed to retrieve DN for account: lte [Empty password not allowed - see allowEmptyPassword option.]
2015-03-30T14:54:22+02:00 DEBUG (7): Ldap: 1: host=localhost,port=389,accountDomainName=bluekiwi-software.com,accountCanonicalForm=2,username=cn=admin,dc=bluekiwi-software,dc=com,password=*****,baseDn=ou=people,dc=bluekiwi-software,dc=com,bindRequiresDn=1,accountFilterFormat=(&(objectClass=inetOrgPerson)(uid=%s))
2015-03-30T14:54:22+02:00 DEBUG (7): Ldap: 2: sqdsq authentication failed: 0x20: No object found for: (&(objectClass=inetOrgPerson)(uid=sqdsq))
2015-03-30T16:08:43+02:00 DEBUG (7): Ldap: 1: host=localhost,port=389,accountDomainName=bluekiwi-software.com,accountCanonicalForm=2,username=cn=admin,dc=bluekiwi-software,dc=com,password=*****,baseDn=ou=people,dc=bluekiwi-software,dc=com,bindRequiresDn=1,accountFilterFormat=(&(objectClass=inetOrgPerson)(uid=%s))
2015-03-30T16:08:43+02:00 DEBUG (7): Ldap: 2: dsqds authentication failed: 0x20: No object found for: (&(objectClass=inetOrgPerson)(uid=dsqds))
2015-03-30T16:09:13+02:00 DEBUG (7): Ldap: 1: host=localhost,port=389,accountDomainName=bluekiwi-software.com,accountCanonicalForm=2,username=cn=admin,dc=bluekiwi-software,dc=com,password=*****,baseDn=ou=people,dc=bluekiwi-software,dc=com,bindRequiresDn=1,accountFilterFormat=(&(objectClass=inetOrgPerson)(uid=%s))
2015-03-30T16:09:13+02:00 DEBUG (7): Ldap: 2: dsqds authentication failed: 0x20: No object found for: (&(objectClass=inetOrgPerson)(uid=dsqds))
2015-03-30T16:11:19+02:00 DEBUG (7): Ldap: 1: host=localhost,port=389,accountDomainName=bluekiwi-software.com,accountCanonicalForm=2,username=cn=admin,dc=bluekiwi-software,dc=com,password=*****,baseDn=ou=people,dc=bluekiwi-software,dc=com,bindRequiresDn=1,accountFilterFormat=(&(objectClass=inetOrgPerson)(uid=%s))
2015-03-30T16:11:19+02:00 DEBUG (7): Ldap: 2: dsqds authentication failed: 0x20: No object found for: (&(objectClass=inetOrgPerson)(uid=dsqds))
2015-03-30T16:21:40+02:00 DEBUG (7): Ldap: 1: host=localhost,port=389,accountDomainName=bluekiwi-software.com,accountCanonicalForm=2,username=cn=admin,dc=bluekiwi-software,dc=com,password=*****,baseDn=ou=people,dc=bluekiwi-software,dc=com,bindRequiresDn=1,accountFilterFormat=(&(objectClass=inetOrgPerson)(uid=%s))
2015-03-30T16:21:40+02:00 DEBUG (7): Ldap: 2: dsqds authentication failed: 0x20: No object found for: (&(objectClass=inetOrgPerson)(uid=dsqds))
2015-03-30T16:25:59+02:00 DEBUG (7): Ldap: 1: host=localhost,port=389,accountDomainName=bluekiwi-software.com,accountCanonicalForm=2,username=cn=admin,dc=bluekiwi-software,dc=com,password=*****,baseDn=ou=people,dc=bluekiwi-software,dc=com,bindRequiresDn=1,accountFilterFormat=(&(objectClass=inetOrgPerson)(uid=%s))
2015-03-30T16:25:59+02:00 DEBUG (7): Ldap: 2: dsqds authentication failed: 0x20: No object found for: (&(objectClass=inetOrgPerson)(uid=dsqds))
2015-03-30T18:12:16+02:00 DEBUG (7): Ldap: 1: host=localhost,port=389,accountDomainName=bluekiwi-software.com,accountCanonicalForm=2,username=cn=admin,dc=bluekiwi-software,dc=com,password=*****,baseDn=ou=people,dc=bluekiwi-software,dc=com,bindRequiresDn=1,accountFilterFormat=(&(objectClass=inetOrgPerson)(uid=%s))
2015-03-30T18:12:16+02:00 DEBUG (7): Ldap: 2: hjkh authentication failed: 0x20: No object found for: (&(objectClass=inetOrgPerson)(uid=hjkh))
